2021-01-28 09:23:19,611 [urllib3.connectionpool] [connectionpool#_new_conn:231] [DEBUG]- Starting new HTTP connection (1): cx.mem.gov.cn:80
2021-01-28 09:23:19,659 [urllib3.connectionpool] [connectionpool#_make_request:461] [DEBUG]- http://cx.mem.gov.cn:80 "GET //cms/html/certQuery/certQuery.do?method=getServerTime HTTP/1.1" 200 None
2021-01-28 09:23:19,677 [urllib3.connectionpool] [connectionpool#_new_conn:231] [DEBUG]- Starting new HTTP connection (1): cx.mem.gov.cn:80
2021-01-28 09:23:19,827 [urllib3.connectionpool] [connectionpool#_make_request:461] [DEBUG]- http://cx.mem.gov.cn:80 "GET /cms/html/certQuery/certQuery.do?method=getCertQueryResult&ref=ch&certtype_code=720&certnum=232700198803190012&stu_name=%25E5%25B0%25A4%25E5%25A5%2595%25E9%259B%25AF&passcode=3535%0A&sessionId=C024CF99CF1EE5E8B61EA04C5656FA5D HTTP/1.1" 200 None
2021-01-28 09:23:28,930 [urllib3.connectionpool] [connectionpool#_new_conn:231] [DEBUG]- Starting new HTTP connection (1): cx.mem.gov.cn:80
2021-01-28 09:23:28,965 [urllib3.connectionpool] [connectionpool#_make_request:461] [DEBUG]- http://cx.mem.gov.cn:80 "GET //cms/html/certQuery/certQuery.do?method=getServerTime HTTP/1.1" 200 None
2021-01-28 09:23:28,972 [urllib3.connectionpool] [connectionpool#_new_conn:231] [DEBUG]- Starting new HTTP connection (1): cx.mem.gov.cn:80
2021-01-28 09:23:29,106 [urllib3.connectionpool] [connectionpool#_make_request:461] [DEBUG]- http://cx.mem.gov.cn:80 "GET /cms/html/certQuery/certQuery.do?method=getCertQueryResult&ref=ch&certtype_code=720&certnum=110221198401275019&stu_name=%25E6%259D%258E%25E9%259B%25AA%25E5%258E%259F&passcode=3363%0A&sessionId=F1FA9DAF2A43004137C38134B1F63762 HTTP/1.1" 200 None
2021-01-28 09:24:20,736 [urllib3.connectionpool] [connectionpool#_new_conn:231] [DEBUG]- Starting new HTTP connection (1): cx.mem.gov.cn:80
2021-01-28 09:24:20,782 [urllib3.connectionpool] [connectionpool#_make_request:461] [DEBUG]- http://cx.mem.gov.cn:80 "GET //cms/html/certQuery/certQuery.do?method=getServerTime HTTP/1.1" 200 None
2021-01-28 09:24:20,793 [urllib3.connectionpool] [connectionpool#_new_conn:231] [DEBUG]- Starting new HTTP connection (1): cx.mem.gov.cn:80
2021-01-28 09:24:20,926 [urllib3.connectionpool] [connectionpool#_make_request:461] [DEBUG]- http://cx.mem.gov.cn:80 "GET /cms/html/certQuery/certQuery.do?method=getCertQueryResult&ref=ch&certtype_code=720&certnum=232700198803190012&stu_name=%25E5%25B0%25A4%25E5%25A5%2595%25E9%259B%25AF&passcode=5244%0A&sessionId=F1FA9DAF2A4300410B52ED5FEBCCCE04 HTTP/1.1" 200 None
2021-01-28 09:24:24,210 [urllib3.connectionpool] [connectionpool#_new_conn:231] [DEBUG]- Starting new HTTP connection (1): cx.mem.gov.cn:80
2021-01-28 09:24:24,272 [urllib3.connectionpool] [connectionpool#_make_request:461] [DEBUG]- http://cx.mem.gov.cn:80 "GET //cms/html/certQuery/certQuery.do?method=getServerTime HTTP/1.1" 200 None
2021-01-28 09:24:24,284 [urllib3.connectionpool] [connectionpool#_new_conn:231] [DEBUG]- Starting new HTTP connection (1): cx.mem.gov.cn:80
2021-01-28 09:24:24,408 [urllib3.connectionpool] [connectionpool#_make_request:461] [DEBUG]- http://cx.mem.gov.cn:80 "GET /cms/html/certQuery/certQuery.do?method=getCertQueryResult&ref=ch&certtype_code=720&certnum=110221198401275019&stu_name=%25E6%259D%258E%25E9%259B%25AA%25E5%258E%259F&passcode=2396%0A&sessionId=F1FA9DAF2A430041F4C3B950DBDAA16D HTTP/1.1" 200 None
2021-01-28 09:25:26,930 [urllib3.connectionpool] [connectionpool#_new_conn:231] [DEBUG]- Starting new HTTP connection (1): cx.mem.gov.cn:80
2021-01-28 09:25:26,967 [urllib3.connectionpool] [connectionpool#_make_request:461] [DEBUG]- http://cx.mem.gov.cn:80 "GET //cms/html/certQuery/certQuery.do?method=getServerTime HTTP/1.1" 200 None
2021-01-28 09:25:26,972 [urllib3.connectionpool] [connectionpool#_new_conn:231] [DEBUG]- Starting new HTTP connection (1): cx.mem.gov.cn:80
2021-01-28 09:25:27,100 [urllib3.connectionpool] [connectionpool#_make_request:461] [DEBUG]- http://cx.mem.gov.cn:80 "GET /cms/html/certQuery/certQuery.do?method=getCertQueryResult&ref=ch&certtype_code=720&certnum=232700198803190012&stu_name=%25E5%25B0%25A4%25E5%25A5%2595%25E9%259B%25AF&passcode=6462%0A&sessionId=9D048C3A93B6298F287863243861297B HTTP/1.1" 200 None
2021-01-28 09:25:30,561 [urllib3.connectionpool] [connectionpool#_new_conn:231] [DEBUG]- Starting new HTTP connection (1): cx.mem.gov.cn:80
2021-01-28 09:25:30,598 [urllib3.connectionpool] [connectionpool#_make_request:461] [DEBUG]- http://cx.mem.gov.cn:80 "GET //cms/html/certQuery/certQuery.do?method=getServerTime HTTP/1.1" 200 None
2021-01-28 09:25:30,605 [urllib3.connectionpool] [connectionpool#_new_conn:231] [DEBUG]- Starting new HTTP connection (1): cx.mem.gov.cn:80
2021-01-28 09:25:30,720 [urllib3.connectionpool] [connectionpool#_make_request:461] [DEBUG]- http://cx.mem.gov.cn:80 "GET /cms/html/certQuery/certQuery.do?method=getCertQueryResult&ref=ch&certtype_code=720&certnum=110221198401275019&stu_name=%25E6%259D%258E%25E9%259B%25AA%25E5%258E%259F&passcode=8911%0A&sessionId=9D048C3A93B6298F9B1D340544276E50 HTTP/1.1" 200 None
2021-01-28 09:25:59,925 [urllib3.connectionpool] [connectionpool#_new_conn:231] [DEBUG]- Starting new HTTP connection (1): cx.mem.gov.cn:80
2021-01-28 09:25:59,967 [urllib3.connectionpool] [connectionpool#_make_request:461] [DEBUG]- http://cx.mem.gov.cn:80 "GET //cms/html/certQuery/certQuery.do?method=getServerTime HTTP/1.1" 200 None
2021-01-28 09:25:59,982 [urllib3.connectionpool] [connectionpool#_new_conn:231] [DEBUG]- Starting new HTTP connection (1): cx.mem.gov.cn:80
2021-01-28 09:26:00,113 [urllib3.connectionpool] [connectionpool#_make_request:461] [DEBUG]- http://cx.mem.gov.cn:80 "GET /cms/html/certQuery/certQuery.do?method=getCertQueryResult&ref=ch&certtype_code=720&certnum=232700198803190012&stu_name=%25E5%25B0%25A4%25E5%25A5%2595%25E9%259B%25AF&passcode=7622%0A&sessionId=9D048C3A93B6298FA4D046FBE5B97DD8 HTTP/1.1" 200 None
2021-01-28 09:26:03,371 [urllib3.connectionpool] [connectionpool#_new_conn:231] [DEBUG]- Starting new HTTP connection (1): cx.mem.gov.cn:80
2021-01-28 09:26:03,406 [urllib3.connectionpool] [connectionpool#_make_request:461] [DEBUG]- http://cx.mem.gov.cn:80 "GET //cms/html/certQuery/certQuery.do?method=getServerTime HTTP/1.1" 200 None
2021-01-28 09:26:03,417 [urllib3.connectionpool] [connectionpool#_new_conn:231] [DEBUG]- Starting new HTTP connection (1): cx.mem.gov.cn:80
2021-01-28 09:26:03,537 [urllib3.connectionpool] [connectionpool#_make_request:461] [DEBUG]- http://cx.mem.gov.cn:80 "GET /cms/html/certQuery/certQuery.do?method=getCertQueryResult&ref=ch&certtype_code=720&certnum=110221198401275019&stu_name=%25E6%259D%258E%25E9%259B%25AA%25E5%258E%259F&passcode=2772%0A&sessionId=9D048C3A93B6298F96AFF973065B03A6 HTTP/1.1" 200 None
2021-01-28 09:31:14,387 [urllib3.connectionpool] [connectionpool#_new_conn:231] [DEBUG]- Starting new HTTP connection (1): cx.mem.gov.cn:80
2021-01-28 09:31:14,424 [urllib3.connectionpool] [connectionpool#_make_request:461] [DEBUG]- http://cx.mem.gov.cn:80 "GET //cms/html/certQuery/certQuery.do?method=getServerTime HTTP/1.1" 200 None
2021-01-28 09:31:14,431 [urllib3.connectionpool] [connectionpool#_new_conn:231] [DEBUG]- Starting new HTTP connection (1): cx.mem.gov.cn:80
2021-01-28 09:31:14,558 [urllib3.connectionpool] [connectionpool#_make_request:461] [DEBUG]- http://cx.mem.gov.cn:80 "GET /cms/html/certQuery/certQuery.do?method=getCertQueryResult&ref=ch&certtype_code=720&certnum=232700198803190012&stu_name=%25E5%25B0%25A4%25E5%25A5%2595%25E9%259B%25AF&passcode=9445%0A&sessionId=D7340CB1931956BC4D1B48A2D15B1247 HTTP/1.1" 200 None
2021-01-28 09:31:17,828 [urllib3.connectionpool] [connectionpool#_new_conn:231] [DEBUG]- Starting new HTTP connection (1): cx.mem.gov.cn:80
2021-01-28 09:31:17,868 [urllib3.connectionpool] [connectionpool#_make_request:461] [DEBUG]- http://cx.mem.gov.cn:80 "GET //cms/html/certQuery/certQuery.do?method=getServerTime HTTP/1.1" 200 None
2021-01-28 09:31:17,875 [urllib3.connectionpool] [connectionpool#_new_conn:231] [DEBUG]- Starting new HTTP connection (1): cx.mem.gov.cn:80
2021-01-28 09:31:17,997 [urllib3.connectionpool] [connectionpool#_make_request:461] [DEBUG]- http://cx.mem.gov.cn:80 "GET /cms/html/certQuery/certQuery.do?method=getCertQueryResult&ref=ch&certtype_code=720&certnum=110221198401275019&stu_name=%25E6%259D%258E%25E9%259B%25AA%25E5%258E%259F&passcode=7824%0A&sessionId=D7340CB1931956BC6ABC7BF6C0CE0D97 HTTP/1.1" 200 None
2021-01-28 09:31:33,569 [urllib3.connectionpool] [connectionpool#_new_conn:231] [DEBUG]- Starting new HTTP connection (1): cx.mem.gov.cn:80
2021-01-28 09:31:33,603 [urllib3.connectionpool] [connectionpool#_make_request:461] [DEBUG]- http://cx.mem.gov.cn:80 "GET //cms/html/certQuery/certQuery.do?method=getServerTime HTTP/1.1" 200 None
2021-01-28 09:31:33,609 [urllib3.connectionpool] [connectionpool#_new_conn:231] [DEBUG]- Starting new HTTP connection (1): cx.mem.gov.cn:80
2021-01-28 09:31:33,743 [urllib3.connectionpool] [connectionpool#_make_request:461] [DEBUG]- http://cx.mem.gov.cn:80 "GET /cms/html/certQuery/certQuery.do?method=getCertQueryResult&ref=ch&certtype_code=720&certnum=232700198803190012&stu_name=%25E5%25B0%25A4%25E5%25A5%2595%25E9%259B%25AF&passcode=3713%0A&sessionId=D7340CB1931956BCA0718EF71782268A HTTP/1.1" 200 None
2021-01-28 09:31:37,034 [urllib3.connectionpool] [connectionpool#_new_conn:231] [DEBUG]- Starting new HTTP connection (1): cx.mem.gov.cn:80
2021-01-28 09:31:37,068 [urllib3.connectionpool] [connectionpool#_make_request:461] [DEBUG]- http://cx.mem.gov.cn:80 "GET //cms/html/certQuery/certQuery.do?method=getServerTime HTTP/1.1" 200 None
2021-01-28 09:31:37,074 [urllib3.connectionpool] [connectionpool#_new_conn:231] [DEBUG]- Starting new HTTP connection (1): cx.mem.gov.cn:80
2021-01-28 09:31:37,202 [urllib3.connectionpool] [connectionpool#_make_request:461] [DEBUG]- http://cx.mem.gov.cn:80 "GET /cms/html/certQuery/certQuery.do?method=getCertQueryResult&ref=ch&certtype_code=720&certnum=110221198401275019&stu_name=%25E6%259D%258E%25E9%259B%25AA%25E5%258E%259F&passcode=2128%0A&sessionId=D7340CB1931956BC4B122B10FBEA5E8E HTTP/1.1" 200 None
2021-01-28 09:47:22,409 [urllib3.connectionpool] [connectionpool#_new_conn:231] [DEBUG]- Starting new HTTP connection (1): cx.mem.gov.cn:80
2021-01-28 09:47:22,463 [urllib3.connectionpool] [connectionpool#_make_request:461] [DEBUG]- http://cx.mem.gov.cn:80 "GET //cms/html/certQuery/certQuery.do?method=getServerTime HTTP/1.1" 200 None
2021-01-28 09:47:22,476 [urllib3.connectionpool] [connectionpool#_new_conn:231] [DEBUG]- Starting new HTTP connection (1): cx.mem.gov.cn:80
2021-01-28 09:47:22,629 [urllib3.connectionpool] [connectionpool#_make_request:461] [DEBUG]- http://cx.mem.gov.cn:80 "GET /cms/html/certQuery/certQuery.do?method=getCertQueryResult&ref=ch&certtype_code=720&certnum=232700198803190012&stu_name=%25E5%25B0%25A4%25E5%25A5%2595%25E9%259B%25AF&passcode=6258%0A&sessionId=B1CB276DC27E210659CBFBA39525FBF1 HTTP/1.1" 200 None
2021-01-28 09:47:25,969 [urllib3.connectionpool] [connectionpool#_new_conn:231] [DEBUG]- Starting new HTTP connection (1): cx.mem.gov.cn:80
2021-01-28 09:47:26,133 [urllib3.connectionpool] [connectionpool#_make_request:461] [DEBUG]- http://cx.mem.gov.cn:80 "GET //cms/html/certQuery/certQuery.do?method=getServerTime HTTP/1.1" 200 None
2021-01-28 09:47:26,153 [urllib3.connectionpool] [connectionpool#_new_conn:231] [DEBUG]- Starting new HTTP connection (1): cx.mem.gov.cn:80
2021-01-28 09:47:26,315 [urllib3.connectionpool] [connectionpool#_make_request:461] [DEBUG]- http://cx.mem.gov.cn:80 "GET /cms/html/certQuery/certQuery.do?method=getCertQueryResult&ref=ch&certtype_code=720&certnum=110221198401275019&stu_name=%25E6%259D%258E%25E9%259B%25AA%25E5%258E%259F&passcode=6918%0A&sessionId=B1CB276DC27E2106A034D4439D23AE85 HTTP/1.1" 200 None
2021-01-28 09:47:42,754 [urllib3.connectionpool] [connectionpool#_new_conn:231] [DEBUG]- Starting new HTTP connection (1): cx.mem.gov.cn:80
2021-01-28 09:47:42,805 [urllib3.connectionpool] [connectionpool#_make_request:461] [DEBUG]- http://cx.mem.gov.cn:80 "GET //cms/html/certQuery/certQuery.do?method=getServerTime HTTP/1.1" 200 None
2021-01-28 09:47:42,813 [urllib3.connectionpool] [connectionpool#_new_conn:231] [DEBUG]- Starting new HTTP connection (1): cx.mem.gov.cn:80
2021-01-28 09:47:43,023 [urllib3.connectionpool] [connectionpool#_make_request:461] [DEBUG]- http://cx.mem.gov.cn:80 "GET /cms/html/certQuery/certQuery.do?method=getCertQueryResult&ref=ch&certtype_code=720&certnum=232700198803190012&stu_name=%25E5%25B0%25A4%25E5%25A5%2595%25E9%259B%25AF&passcode=2262%0A&sessionId=B1CB276DC27E2106E8FFA64337DE825C HTTP/1.1" 200 None
2021-01-28 09:47:46,916 [urllib3.connectionpool] [connectionpool#_new_conn:231] [DEBUG]- Starting new HTTP connection (1): cx.mem.gov.cn:80
2021-01-28 09:47:47,001 [urllib3.connectionpool] [connectionpool#_make_request:461] [DEBUG]- http://cx.mem.gov.cn:80 "GET //cms/html/certQuery/certQuery.do?method=getServerTime HTTP/1.1" 200 None
2021-01-28 09:47:47,036 [urllib3.connectionpool] [connectionpool#_new_conn:231] [DEBUG]- Starting new HTTP connection (1): cx.mem.gov.cn:80
2021-01-28 09:47:47,210 [urllib3.connectionpool] [connectionpool#_make_request:461] [DEBUG]- http://cx.mem.gov.cn:80 "GET /cms/html/certQuery/certQuery.do?method=getCertQueryResult&ref=ch&certtype_code=720&certnum=110221198401275019&stu_name=%25E6%259D%258E%25E9%259B%25AA%25E5%258E%259F&passcode=2289%0A&sessionId=B1CB276DC27E2106F9D5015F863EC1C8 HTTP/1.1" 200 None
2021-01-28 09:48:24,360 [urllib3.connectionpool] [connectionpool#_new_conn:231] [DEBUG]- Starting new HTTP connection (1): cx.mem.gov.cn:80
2021-01-28 09:48:24,407 [urllib3.connectionpool] [connectionpool#_make_request:461] [DEBUG]- http://cx.mem.gov.cn:80 "GET //cms/html/certQuery/certQuery.do?method=getServerTime HTTP/1.1" 200 None
2021-01-28 09:48:24,425 [urllib3.connectionpool] [connectionpool#_new_conn:231] [DEBUG]- Starting new HTTP connection (1): cx.mem.gov.cn:80
2021-01-28 09:48:24,593 [urllib3.connectionpool] [connectionpool#_make_request:461] [DEBUG]- http://cx.mem.gov.cn:80 "GET /cms/html/certQuery/certQuery.do?method=getCertQueryResult&ref=ch&certtype_code=720&certnum=232700198803190012&stu_name=%25E5%25B0%25A4%25E5%25A5%2595%25E9%259B%25AF&passcode=9267%0A&sessionId=1A47A13AEE3564908F77EAB770484499 HTTP/1.1" 200 None
2021-01-28 09:48:31,139 [urllib3.connectionpool] [connectionpool#_new_conn:231] [DEBUG]- Starting new HTTP connection (1): cx.mem.gov.cn:80
2021-01-28 09:48:31,196 [urllib3.connectionpool] [connectionpool#_make_request:461] [DEBUG]- http://cx.mem.gov.cn:80 "GET //cms/html/certQuery/certQuery.do?method=getServerTime HTTP/1.1" 200 None
2021-01-28 09:48:31,225 [urllib3.connectionpool] [connectionpool#_new_conn:231] [DEBUG]- Starting new HTTP connection (1): cx.mem.gov.cn:80
2021-01-28 09:48:31,976 [urllib3.connectionpool] [connectionpool#_make_request:461] [DEBUG]- http://cx.mem.gov.cn:80 "GET /cms/html/certQuery/certQuery.do?method=getCertQueryResult&ref=ch&certtype_code=720&certnum=110221198401275019&stu_name=%25E6%259D%258E%25E9%259B%25AA%25E5%258E%259F&passcode=1395%0A&sessionId=1A47A13AEE356490D0FC08279AD56E32 HTTP/1.1" 200 None
2021-01-28 09:58:20,358 [urllib3.connectionpool] [connectionpool#_new_conn:231] [DEBUG]- Starting new HTTP connection (1): cx.mem.gov.cn:80
2021-01-28 09:58:20,406 [urllib3.connectionpool] [connectionpool#_make_request:461] [DEBUG]- http://cx.mem.gov.cn:80 "GET //cms/html/certQuery/certQuery.do?method=getServerTime HTTP/1.1" 200 None
2021-01-28 09:58:20,430 [urllib3.connectionpool] [connectionpool#_new_conn:231] [DEBUG]- Starting new HTTP connection (1): cx.mem.gov.cn:80
2021-01-28 09:58:20,560 [urllib3.connectionpool] [connectionpool#_make_request:461] [DEBUG]- http://cx.mem.gov.cn:80 "GET /cms/html/certQuery/certQuery.do?method=getCertQueryResult&ref=ch&certtype_code=720&certnum=232700198803190012&stu_name=%25E5%25B0%25A4%25E5%25A5%2595%25E9%259B%25AF&passcode=8521%0A&sessionId=38FA087AA29D7C0D3DD4ADDBAD54D80A HTTP/1.1" 200 None
2021-01-28 09:58:24,186 [urllib3.connectionpool] [connectionpool#_new_conn:231] [DEBUG]- Starting new HTTP connection (1): cx.mem.gov.cn:80
2021-01-28 09:58:24,245 [urllib3.connectionpool] [connectionpool#_make_request:461] [DEBUG]- http://cx.mem.gov.cn:80 "GET //cms/html/certQuery/certQuery.do?method=getServerTime HTTP/1.1" 200 None
2021-01-28 09:58:24,275 [urllib3.connectionpool] [connectionpool#_new_conn:231] [DEBUG]- Starting new HTTP connection (1): cx.mem.gov.cn:80
2021-01-28 09:58:24,450 [urllib3.connectionpool] [connectionpool#_make_request:461] [DEBUG]- http://cx.mem.gov.cn:80 "GET /cms/html/certQuery/certQuery.do?method=getCertQueryResult&ref=ch&certtype_code=720&certnum=110221198401275019&stu_name=%25E6%259D%258E%25E9%259B%25AA%25E5%258E%259F&passcode=3513%0A&sessionId=7EAD6696D716C787ABD15AC7D85B16A8 HTTP/1.1" 200 None
2021-01-28 10:01:13,753 [urllib3.connectionpool] [connectionpool#_new_conn:231] [DEBUG]- Starting new HTTP connection (1): cx.mem.gov.cn:80
2021-01-28 10:01:13,842 [urllib3.connectionpool] [connectionpool#_make_request:461] [DEBUG]- http://cx.mem.gov.cn:80 "GET //cms/html/certQuery/certQuery.do?method=getServerTime HTTP/1.1" 200 None
2021-01-28 10:01:13,865 [urllib3.connectionpool] [connectionpool#_new_conn:231] [DEBUG]- Starting new HTTP connection (1): cx.mem.gov.cn:80
2021-01-28 10:01:14,044 [urllib3.connectionpool] [connectionpool#_make_request:461] [DEBUG]- http://cx.mem.gov.cn:80 "GET /cms/html/certQuery/certQuery.do?method=getCertQueryResult&ref=ch&certtype_code=720&certnum=232700198803190012&stu_name=%25E5%25B0%25A4%25E5%25A5%2595%25E9%259B%25AF&passcode=5756%0A&sessionId=336E0DF2A77F0D88EBB2AA899ADE6152 HTTP/1.1" 200 None
2021-01-28 10:01:17,716 [urllib3.connectionpool] [connectionpool#_new_conn:231] [DEBUG]- Starting new HTTP connection (1): cx.mem.gov.cn:80
2021-01-28 10:01:17,839 [urllib3.connectionpool] [connectionpool#_make_request:461] [DEBUG]- http://cx.mem.gov.cn:80 "GET //cms/html/certQuery/certQuery.do?method=getServerTime HTTP/1.1" 200 None
2021-01-28 10:01:17,872 [urllib3.connectionpool] [connectionpool#_new_conn:231] [DEBUG]- Starting new HTTP connection (1): cx.mem.gov.cn:80
2021-01-28 10:01:18,022 [urllib3.connectionpool] [connectionpool#_make_request:461] [DEBUG]- http://cx.mem.gov.cn:80 "GET /cms/html/certQuery/certQuery.do?method=getCertQueryResult&ref=ch&certtype_code=720&certnum=110221198401275019&stu_name=%25E6%259D%258E%25E9%259B%25AA%25E5%258E%259F&passcode=/231%0A&sessionId=336E0DF2A77F0D889A3B632F46C92A13 HTTP/1.1" 200 None
2021-01-28 10:03:15,762 [urllib3.connectionpool] [connectionpool#_new_conn:231] [DEBUG]- Starting new HTTP connection (1): cx.mem.gov.cn:80
2021-01-28 10:03:15,812 [urllib3.connectionpool] [connectionpool#_make_request:461] [DEBUG]- http://cx.mem.gov.cn:80 "GET //cms/html/certQuery/certQuery.do?method=getServerTime HTTP/1.1" 200 None
2021-01-28 10:03:15,832 [urllib3.connectionpool] [connectionpool#_new_conn:231] [DEBUG]- Starting new HTTP connection (1): cx.mem.gov.cn:80
2021-01-28 10:03:16,064 [urllib3.connectionpool] [connectionpool#_make_request:461] [DEBUG]- http://cx.mem.gov.cn:80 "GET /cms/html/certQuery/certQuery.do?method=getCertQueryResult&ref=ch&certtype_code=720&certnum=232700198803190012&stu_name=%25E5%25B0%25A4%25E5%25A5%2595%25E9%259B%25AF&passcode=8165%0A&sessionId=C154D460B93364D32EDD028C1EAEC5E3 HTTP/1.1" 200 None
2021-01-28 10:03:19,782 [urllib3.connectionpool] [connectionpool#_new_conn:231] [DEBUG]- Starting new HTTP connection (1): cx.mem.gov.cn:80
2021-01-28 10:03:19,844 [urllib3.connectionpool] [connectionpool#_make_request:461] [DEBUG]- http://cx.mem.gov.cn:80 "GET //cms/html/certQuery/certQuery.do?method=getServerTime HTTP/1.1" 200 None
2021-01-28 10:03:19,875 [urllib3.connectionpool] [connectionpool#_new_conn:231] [DEBUG]- Starting new HTTP connection (1): cx.mem.gov.cn:80
2021-01-28 10:03:20,352 [urllib3.connectionpool] [connectionpool#_make_request:461] [DEBUG]- http://cx.mem.gov.cn:80 "GET /cms/html/certQuery/certQuery.do?method=getCertQueryResult&ref=ch&certtype_code=720&certnum=110221198401275019&stu_name=%25E6%259D%258E%25E9%259B%25AA%25E5%258E%259F&passcode=5589%0A&sessionId=C154D460B93364D320C37436629BB4BB HTTP/1.1" 200 None
2021-01-28 10:03:27,744 [urllib3.connectionpool] [connectionpool#_new_conn:231] [DEBUG]- Starting new HTTP connection (1): cx.mem.gov.cn:80
2021-01-28 10:03:27,794 [urllib3.connectionpool] [connectionpool#_make_request:461] [DEBUG]- http://cx.mem.gov.cn:80 "GET //cms/html/certQuery/certQuery.do?method=getServerTime HTTP/1.1" 200 None
2021-01-28 10:03:27,826 [urllib3.connectionpool] [connectionpool#_new_conn:231] [DEBUG]- Starting new HTTP connection (1): cx.mem.gov.cn:80
2021-01-28 10:03:27,982 [urllib3.connectionpool] [connectionpool#_make_request:461] [DEBUG]- http://cx.mem.gov.cn:80 "GET /cms/html/certQuery/certQuery.do?method=getCertQueryResult&ref=ch&certtype_code=720&certnum=232700198803190012&stu_name=%25E5%25B0%25A4%25E5%25A5%2595%25E9%259B%25AF&passcode=8636%0A&sessionId=C7D9B03BC432B5AFFD45341C07EA3801 HTTP/1.1" 200 None
2021-01-28 10:03:31,849 [urllib3.connectionpool] [connectionpool#_new_conn:231] [DEBUG]- Starting new HTTP connection (1): cx.mem.gov.cn:80
2021-01-28 10:03:31,962 [urllib3.connectionpool] [connectionpool#_make_request:461] [DEBUG]- http://cx.mem.gov.cn:80 "GET //cms/html/certQuery/certQuery.do?method=getServerTime HTTP/1.1" 200 None
2021-01-28 10:03:31,993 [urllib3.connectionpool] [connectionpool#_new_conn:231] [DEBUG]- Starting new HTTP connection (1): cx.mem.gov.cn:80
2021-01-28 10:03:32,274 [urllib3.connectionpool] [connectionpool#_make_request:461] [DEBUG]- http://cx.mem.gov.cn:80 "GET /cms/html/certQuery/certQuery.do?method=getCertQueryResult&ref=ch&certtype_code=720&certnum=110221198401275019&stu_name=%25E6%259D%258E%25E9%259B%25AA%25E5%258E%259F&passcode=8461%0A&sessionId=C7D9B03BC432B5AFD4FDEFCAB3111417 HTTP/1.1" 200 None
2021-01-28 10:05:53,342 [urllib3.connectionpool] [connectionpool#_new_conn:231] [DEBUG]- Starting new HTTP connection (1): cx.mem.gov.cn:80
2021-01-28 10:05:53,483 [urllib3.connectionpool] [connectionpool#_make_request:461] [DEBUG]- http://cx.mem.gov.cn:80 "GET //cms/html/certQuery/certQuery.do?method=getServerTime HTTP/1.1" 200 None
2021-01-28 10:05:53,518 [urllib3.connectionpool] [connectionpool#_new_conn:231] [DEBUG]- Starting new HTTP connection (1): cx.mem.gov.cn:80
2021-01-28 10:05:53,685 [urllib3.connectionpool] [connectionpool#_make_request:461] [DEBUG]- http://cx.mem.gov.cn:80 "GET /cms/html/certQuery/certQuery.do?method=getCertQueryResult&ref=ch&certtype_code=720&certnum=232700198803190012&stu_name=%25E5%25B0%25A4%25E5%25A5%2595%25E9%259B%25AF&passcode=4315%0A&sessionId=2025DF2300EB22B7E732E6F3755BD955 HTTP/1.1" 200 None
2021-01-28 10:05:57,623 [urllib3.connectionpool] [connectionpool#_new_conn:231] [DEBUG]- Starting new HTTP connection (1): cx.mem.gov.cn:80
2021-01-28 10:05:57,678 [urllib3.connectionpool] [connectionpool#_make_request:461] [DEBUG]- http://cx.mem.gov.cn:80 "GET //cms/html/certQuery/certQuery.do?method=getServerTime HTTP/1.1" 200 None
2021-01-28 10:05:57,714 [urllib3.connectionpool] [connectionpool#_new_conn:231] [DEBUG]- Starting new HTTP connection (1): cx.mem.gov.cn:80
2021-01-28 10:05:57,886 [urllib3.connectionpool] [connectionpool#_make_request:461] [DEBUG]- http://cx.mem.gov.cn:80 "GET /cms/html/certQuery/certQuery.do?method=getCertQueryResult&ref=ch&certtype_code=720&certnum=110221198401275019&stu_name=%25E6%259D%258E%25E9%259B%25AA%25E5%258E%259F&passcode=5156%0A&sessionId=2025DF2300EB22B71CC57240DFF51B80 HTTP/1.1" 200 None
2021-01-28 10:12:33,737 [urllib3.connectionpool] [connectionpool#_new_conn:231] [DEBUG]- Starting new HTTP connection (1): cx.mem.gov.cn:80
2021-01-28 10:12:33,871 [urllib3.connectionpool] [connectionpool#_make_request:461] [DEBUG]- http://cx.mem.gov.cn:80 "GET //cms/html/certQuery/certQuery.do?method=getServerTime HTTP/1.1" 200 None
2021-01-28 10:12:33,910 [urllib3.connectionpool] [connectionpool#_new_conn:231] [DEBUG]- Starting new HTTP connection (1): cx.mem.gov.cn:80
2021-01-28 10:12:34,181 [urllib3.connectionpool] [connectionpool#_make_request:461] [DEBUG]- http://cx.mem.gov.cn:80 "GET /cms/html/certQuery/certQuery.do?method=getCertQueryResult&ref=ch&certtype_code=720&certnum=232700198803190012&stu_name=%25E5%25B0%25A4%25E5%25A5%2595%25E9%259B%25AF&passcode=6333%0A&sessionId=97D4BA346D5E7E6AEF13EB47EABEF3B4 HTTP/1.1" 200 None
2021-01-28 10:12:38,417 [urllib3.connectionpool] [connectionpool#_new_conn:231] [DEBUG]- Starting new HTTP connection (1): cx.mem.gov.cn:80
2021-01-28 10:12:38,485 [urllib3.connectionpool] [connectionpool#_make_request:461] [DEBUG]- http://cx.mem.gov.cn:80 "GET //cms/html/certQuery/certQuery.do?method=getServerTime HTTP/1.1" 200 None
2021-01-28 10:12:38,516 [urllib3.connectionpool] [connectionpool#_new_conn:231] [DEBUG]- Starting new HTTP connection (1): cx.mem.gov.cn:80
2021-01-28 10:12:39,197 [urllib3.connectionpool] [connectionpool#_make_request:461] [DEBUG]- http://cx.mem.gov.cn:80 "GET /cms/html/certQuery/certQuery.do?method=getCertQueryResult&ref=ch&certtype_code=720&certnum=110221198401275019&stu_name=%25E6%259D%258E%25E9%259B%25AA%25E5%258E%259F&passcode=2685%0A&sessionId=97D4BA346D5E7E6AD08E6C6C946A2E6E HTTP/1.1" 200 None
2021-01-28 10:23:21,125 [urllib3.connectionpool] [connectionpool#_new_conn:231] [DEBUG]- Starting new HTTP connection (1): cx.mem.gov.cn:80
2021-01-28 10:23:21,172 [urllib3.connectionpool] [connectionpool#_make_request:461] [DEBUG]- http://cx.mem.gov.cn:80 "GET //cms/html/certQuery/certQuery.do?method=getServerTime HTTP/1.1" 200 None
2021-01-28 10:23:21,203 [urllib3.connectionpool] [connectionpool#_new_conn:231] [DEBUG]- Starting new HTTP connection (1): cx.mem.gov.cn:80
2021-01-28 10:23:21,398 [urllib3.connectionpool] [connectionpool#_make_request:461] [DEBUG]- http://cx.mem.gov.cn:80 "GET /cms/html/certQuery/certQuery.do?method=getCertQueryResult&ref=ch&certtype_code=720&certnum=232700198803190012&stu_name=%25E5%25B0%25A4%25E5%25A5%2595%25E9%259B%25AF&passcode=1633%0A&sessionId=4D66A20951E29193510D877AB458E533 HTTP/1.1" 200 None
2021-01-28 10:23:25,330 [urllib3.connectionpool] [connectionpool#_new_conn:231] [DEBUG]- Starting new HTTP connection (1): cx.mem.gov.cn:80
2021-01-28 10:23:25,448 [urllib3.connectionpool] [connectionpool#_make_request:461] [DEBUG]- http://cx.mem.gov.cn:80 "GET //cms/html/certQuery/certQuery.do?method=getServerTime HTTP/1.1" 200 None
2021-01-28 10:23:25,480 [urllib3.connectionpool] [connectionpool#_new_conn:231] [DEBUG]- Starting new HTTP connection (1): cx.mem.gov.cn:80
2021-01-28 10:23:25,759 [urllib3.connectionpool] [connectionpool#_make_request:461] [DEBUG]- http://cx.mem.gov.cn:80 "GET /cms/html/certQuery/certQuery.do?method=getCertQueryResult&ref=ch&certtype_code=720&certnum=110221198401275019&stu_name=%25E6%259D%258E%25E9%259B%25AA%25E5%258E%259F&passcode=3563%0A&sessionId=4D66A20951E29193D09454286BB607D8 HTTP/1.1" 200 None
2021-01-28 10:26:55,657 [urllib3.connectionpool] [connectionpool#_new_conn:231] [DEBUG]- Starting new HTTP connection (1): cx.mem.gov.cn:80
2021-01-28 10:26:55,782 [urllib3.connectionpool] [connectionpool#_make_request:461] [DEBUG]- http://cx.mem.gov.cn:80 "GET //cms/html/certQuery/certQuery.do?method=getServerTime HTTP/1.1" 200 None
2021-01-28 10:26:55,817 [urllib3.connectionpool] [connectionpool#_new_conn:231] [DEBUG]- Starting new HTTP connection (1): cx.mem.gov.cn:80
2021-01-28 10:26:56,114 [urllib3.connectionpool] [connectionpool#_make_request:461] [DEBUG]- http://cx.mem.gov.cn:80 "GET /cms/html/certQuery/certQuery.do?method=getCertQueryResult&ref=ch&certtype_code=720&certnum=232700198803190012&stu_name=%25E5%25B0%25A4%25E5%25A5%2595%25E9%259B%25AF&passcode=5922%0A&sessionId=0A2F4FD46DE43D38E2976CB2CA53EB73 HTTP/1.1" 200 None
2021-01-28 10:26:59,936 [urllib3.connectionpool] [connectionpool#_new_conn:231] [DEBUG]- Starting new HTTP connection (1): cx.mem.gov.cn:80
2021-01-28 10:27:00,460 [urllib3.connectionpool] [connectionpool#_make_request:461] [DEBUG]- http://cx.mem.gov.cn:80 "GET //cms/html/certQuery/certQuery.do?method=getServerTime HTTP/1.1" 200 None
2021-01-28 10:27:00,503 [urllib3.connectionpool] [connectionpool#_new_conn:231] [DEBUG]- Starting new HTTP connection (1): cx.mem.gov.cn:80
2021-01-28 10:27:00,798 [urllib3.connectionpool] [connectionpool#_make_request:461] [DEBUG]- http://cx.mem.gov.cn:80 "GET /cms/html/certQuery/certQuery.do?method=getCertQueryResult&ref=ch&certtype_code=720&certnum=110221198401275019&stu_name=%25E6%259D%258E%25E9%259B%25AA%25E5%258E%259F&passcode=8773%0A&sessionId=0A2F4FD46DE43D3806E0715065E42D15 HTTP/1.1" 200 None
2021-01-28 10:28:03,621 [urllib3.connectionpool] [connectionpool#_new_conn:231] [DEBUG]- Starting new HTTP connection (1): cx.mem.gov.cn:80
2021-01-28 10:28:03,783 [urllib3.connectionpool] [connectionpool#_make_request:461] [DEBUG]- http://cx.mem.gov.cn:80 "GET //cms/html/certQuery/certQuery.do?method=getServerTime HTTP/1.1" 200 None
2021-01-28 10:28:03,831 [urllib3.connectionpool] [connectionpool#_new_conn:231] [DEBUG]- Starting new HTTP connection (1): cx.mem.gov.cn:80
2021-01-28 10:28:04,085 [urllib3.connectionpool] [connectionpool#_make_request:461] [DEBUG]- http://cx.mem.gov.cn:80 "GET /cms/html/certQuery/certQuery.do?method=getCertQueryResult&ref=ch&certtype_code=720&certnum=232700198803190012&stu_name=%25E5%25B0%25A4%25E5%25A5%2595%25E9%259B%25AF&passcode=8665%0A&sessionId=0A2F4FD46DE43D38B37ABFAD04316167 HTTP/1.1" 200 None
2021-01-28 10:28:07,467 [urllib3.connectionpool] [connectionpool#_new_conn:231] [DEBUG]- Starting new HTTP connection (1): cx.mem.gov.cn:80
2021-01-28 10:28:07,566 [urllib3.connectionpool] [connectionpool#_make_request:461] [DEBUG]- http://cx.mem.gov.cn:80 "GET //cms/html/certQuery/certQuery.do?method=getServerTime HTTP/1.1" 200 None
2021-01-28 10:28:07,576 [urllib3.connectionpool] [connectionpool#_new_conn:231] [DEBUG]- Starting new HTTP connection (1): cx.mem.gov.cn:80
2021-01-28 10:28:08,393 [urllib3.connectionpool] [connectionpool#_make_request:461] [DEBUG]- http://cx.mem.gov.cn:80 "GET /cms/html/certQuery/certQuery.do?method=getCertQueryResult&ref=ch&certtype_code=720&certnum=110221198401275019&stu_name=%25E6%259D%258E%25E9%259B%25AA%25E5%258E%259F&passcode=7586%0A&sessionId=0A2F4FD46DE43D38365B1A9C41AD308F HTTP/1.1" 200 None
2021-01-28 10:28:33,194 [urllib3.connectionpool] [connectionpool#_new_conn:231] [DEBUG]- Starting new HTTP connection (1): cx.mem.gov.cn:80
2021-01-28 10:28:33,300 [urllib3.connectionpool] [connectionpool#_make_request:461] [DEBUG]- http://cx.mem.gov.cn:80 "GET //cms/html/certQuery/certQuery.do?method=getServerTime HTTP/1.1" 200 None
2021-01-28 10:28:33,336 [urllib3.connectionpool] [connectionpool#_new_conn:231] [DEBUG]- Starting new HTTP connection (1): cx.mem.gov.cn:80
2021-01-28 10:28:33,586 [urllib3.connectionpool] [connectionpool#_make_request:461] [DEBUG]- http://cx.mem.gov.cn:80 "GET /cms/html/certQuery/certQuery.do?method=getCertQueryResult&ref=ch&certtype_code=720&certnum=232700198803190012&stu_name=%25E5%25B0%25A4%25E5%25A5%2595%25E9%259B%25AF&passcode=83/1%0A&sessionId=DE293D0E381B92603BD54A9D24AA4F1B HTTP/1.1" 200 None
2021-01-28 10:28:38,210 [urllib3.connectionpool] [connectionpool#_new_conn:231] [DEBUG]- Starting new HTTP connection (1): cx.mem.gov.cn:80
2021-01-28 10:29:23,343 [urllib3.connectionpool] [connectionpool#_make_request:461] [DEBUG]- http://cx.mem.gov.cn:80 "GET //cms/html/certQuery/certQuery.do?method=getServerTime HTTP/1.1" 200 None
2021-01-28 10:29:23,446 [urllib3.connectionpool] [connectionpool#_new_conn:231] [DEBUG]- Starting new HTTP connection (1): cx.mem.gov.cn:80
2021-01-28 10:29:23,654 [urllib3.connectionpool] [connectionpool#_make_request:461] [DEBUG]- http://cx.mem.gov.cn:80 "GET /cms/html/certQuery/certQuery.do?method=getCertQueryResult&ref=ch&certtype_code=720&certnum=110221198401275019&stu_name=%25E6%259D%258E%25E9%259B%25AA%25E5%258E%259F&passcode=9391%0A&sessionId=DE293D0E381B9260D0844068FACC07CC HTTP/1.1" 302 0
2021-01-28 10:29:23,754 [urllib3.connectionpool] [connectionpool#_make_request:461] [DEBUG]- http://cx.mem.gov.cn:80 "GET /cms/html/certQuery/certQuery.do?method=WatiTime&ref=ch HTTP/1.1" 200 1158
2021-01-28 10:30:02,576 [urllib3.connectionpool] [connectionpool#_new_conn:231] [DEBUG]- Starting new HTTP connection (1): cx.mem.gov.cn:80
2021-01-28 10:30:02,687 [urllib3.connectionpool] [connectionpool#_make_request:461] [DEBUG]- http://cx.mem.gov.cn:80 "GET //cms/html/certQuery/certQuery.do?method=getServerTime HTTP/1.1" 200 None
2021-01-28 10:30:02,747 [urllib3.connectionpool] [connectionpool#_new_conn:231] [DEBUG]- Starting new HTTP connection (1): cx.mem.gov.cn:80
2021-01-28 10:30:03,625 [urllib3.connectionpool] [connectionpool#_make_request:461] [DEBUG]- http://cx.mem.gov.cn:80 "GET /cms/html/certQuery/certQuery.do?method=getCertQueryResult&ref=ch&certtype_code=720&certnum=232700198803190012&stu_name=%25E5%25B0%25A4%25E5%25A5%2595%25E9%259B%25AF&passcode=19/9%0A&sessionId=5508B51DAA5C3CF6AEF6D29E366F68B6 HTTP/1.1" 200 None
2021-01-28 10:30:09,843 [urllib3.connectionpool] [connectionpool#_new_conn:231] [DEBUG]- Starting new HTTP connection (1): cx.mem.gov.cn:80
2021-01-28 10:30:09,950 [urllib3.connectionpool] [connectionpool#_make_request:461] [DEBUG]- http://cx.mem.gov.cn:80 "GET //cms/html/certQuery/certQuery.do?method=getServerTime HTTP/1.1" 200 None
2021-01-28 10:30:09,961 [urllib3.connectionpool] [connectionpool#_new_conn:231] [DEBUG]- Starting new HTTP connection (1): cx.mem.gov.cn:80
2021-01-28 10:30:10,143 [urllib3.connectionpool] [connectionpool#_make_request:461] [DEBUG]- http://cx.mem.gov.cn:80 "GET /cms/html/certQuery/certQuery.do?method=getCertQueryResult&ref=ch&certtype_code=720&certnum=110221198401275019&stu_name=%25E6%259D%258E%25E9%259B%25AA%25E5%258E%259F&passcode=6587%0A&sessionId=5508B51DAA5C3CF670EB4068847A8E71 HTTP/1.1" 200 None
2021-01-28 14:39:54,400 [urllib3.connectionpool] [connectionpool#_new_conn:231] [DEBUG]- Starting new HTTP connection (1): cx.mem.gov.cn:80
2021-01-28 14:39:54,465 [urllib3.connectionpool] [connectionpool#_make_request:461] [DEBUG]- http://cx.mem.gov.cn:80 "GET //cms/html/certQuery/certQuery.do?method=getServerTime HTTP/1.1" 200 None
2021-01-28 14:39:54,481 [urllib3.connectionpool] [connectionpool#_new_conn:231] [DEBUG]- Starting new HTTP connection (1): cx.mem.gov.cn:80
2021-01-28 14:39:54,714 [urllib3.connectionpool] [connectionpool#_make_request:461] [DEBUG]- http://cx.mem.gov.cn:80 "GET /cms/html/certQuery/certQuery.do?method=getCertQueryResult&ref=ch&certtype_code=720&certnum=232700198803190012&stu_name=%25E5%25B0%25A4%25E5%25A5%2595%25E9%259B%25AF&passcode=6954%0A&sessionId=8B559BADD0D32C32C800864F4C21D04C HTTP/1.1" 200 None
2021-01-28 14:51:48,652 [urllib3.connectionpool] [connectionpool#_new_conn:231] [DEBUG]- Starting new HTTP connection (1): cx.mem.gov.cn:80
2021-01-28 14:51:48,691 [urllib3.connectionpool] [connectionpool#_make_request:461] [DEBUG]- http://cx.mem.gov.cn:80 "GET //cms/html/certQuery/certQuery.do?method=getServerTime HTTP/1.1" 200 None
2021-01-28 14:51:48,711 [urllib3.connectionpool] [connectionpool#_new_conn:231] [DEBUG]- Starting new HTTP connection (1): cx.mem.gov.cn:80
2021-01-28 14:51:48,848 [urllib3.connectionpool] [connectionpool#_make_request:461] [DEBUG]- http://cx.mem.gov.cn:80 "GET /cms/html/certQuery/certQuery.do?method=getCertQueryResult&ref=ch&certtype_code=720&certnum=232700198803190012&stu_name=%25E5%25B0%25A4%25E5%25A5%2595%25E9%259B%25AF&passcode=9275%0A&sessionId=31FE627DB1B7D7E241B2506906EFC772 HTTP/1.1" 200 None
2021-01-28 14:51:52,102 [urllib3.connectionpool] [connectionpool#_new_conn:231] [DEBUG]- Starting new HTTP connection (1): cx.mem.gov.cn:80
2021-01-28 14:51:52,142 [urllib3.connectionpool] [connectionpool#_make_request:461] [DEBUG]- http://cx.mem.gov.cn:80 "GET //cms/html/certQuery/certQuery.do?method=getServerTime HTTP/1.1" 200 None
2021-01-28 14:51:52,147 [urllib3.connectionpool] [connectionpool#_new_conn:231] [DEBUG]- Starting new HTTP connection (1): cx.mem.gov.cn:80
2021-01-28 14:51:52,283 [urllib3.connectionpool] [connectionpool#_make_request:461] [DEBUG]- http://cx.mem.gov.cn:80 "GET /cms/html/certQuery/certQuery.do?method=getCertQueryResult&ref=ch&certtype_code=720&certnum=110221198401275019&stu_name=%25E6%259D%258E%25E9%259B%25AA%25E5%258E%259F&passcode=2282%0A&sessionId=31FE627DB1B7D7E2E28C18492F13A1F2 HTTP/1.1" 200 None
2021-01-28 14:54:29,327 [urllib3.connectionpool] [connectionpool#_new_conn:231] [DEBUG]- Starting new HTTP connection (1): cx.mem.gov.cn:80
2021-01-28 14:54:29,366 [urllib3.connectionpool] [connectionpool#_make_request:461] [DEBUG]- http://cx.mem.gov.cn:80 "GET //cms/html/certQuery/certQuery.do?method=getServerTime HTTP/1.1" 200 None
2021-01-28 14:54:29,372 [urllib3.connectionpool] [connectionpool#_new_conn:231] [DEBUG]- Starting new HTTP connection (1): cx.mem.gov.cn:80
2021-01-28 14:54:29,524 [urllib3.connectionpool] [connectionpool#_make_request:461] [DEBUG]- http://cx.mem.gov.cn:80 "GET /cms/html/certQuery/certQuery.do?method=getCertQueryResult&ref=ch&certtype_code=720&certnum=232700198803190012&stu_name=%25E5%25B0%25A4%25E5%25A5%2595%25E9%259B%25AF&passcode=2885%0A&sessionId=AE41D4132B3AE4EFB3E291A31E7DC738 HTTP/1.1" 200 None
2021-01-28 14:55:16,318 [urllib3.connectionpool] [connectionpool#_new_conn:231] [DEBUG]- Starting new HTTP connection (1): cx.mem.gov.cn:80
2021-01-28 14:55:16,378 [urllib3.connectionpool] [connectionpool#_make_request:461] [DEBUG]- http://cx.mem.gov.cn:80 "GET //cms/html/certQuery/certQuery.do?method=getServerTime HTTP/1.1" 200 None
2021-01-28 14:55:16,391 [urllib3.connectionpool] [connectionpool#_new_conn:231] [DEBUG]- Starting new HTTP connection (1): cx.mem.gov.cn:80
2021-01-28 14:55:16,501 [urllib3.connectionpool] [connectionpool#_make_request:461] [DEBUG]- http://cx.mem.gov.cn:80 "GET /cms/html/certQuery/certQuery.do?method=getCertQueryResult&ref=ch&certtype_code=720&certnum=110221198401275019&stu_name=%25E6%259D%258E%25E9%259B%25AA%25E5%258E%259F&passcode=4947%0A&sessionId=F4D1C732F271E314F9139DA1DF844770 HTTP/1.1" 200 None
2021-01-28 14:57:15,087 [urllib3.connectionpool] [connectionpool#_new_conn:231] [DEBUG]- Starting new HTTP connection (1): cx.mem.gov.cn:80
2021-01-28 14:57:15,121 [urllib3.connectionpool] [connectionpool#_make_request:461] [DEBUG]- http://cx.mem.gov.cn:80 "GET //cms/html/certQuery/certQuery.do?method=getServerTime HTTP/1.1" 200 None
2021-01-28 14:57:15,128 [urllib3.connectionpool] [connectionpool#_new_conn:231] [DEBUG]- Starting new HTTP connection (1): cx.mem.gov.cn:80
2021-01-28 14:57:15,262 [urllib3.connectionpool] [connectionpool#_make_request:461] [DEBUG]- http://cx.mem.gov.cn:80 "GET /cms/html/certQuery/certQuery.do?method=getCertQueryResult&ref=ch&certtype_code=720&certnum=232700198803190012&stu_name=%25E5%25B0%25A4%25E5%25A5%2595%25E9%259B%25AF&passcode=9128%0A&sessionId=FBE68D6DD89B05E553680375F1CA68CA HTTP/1.1" 200 None
2021-01-28 14:57:18,485 [urllib3.connectionpool] [connectionpool#_new_conn:231] [DEBUG]- Starting new HTTP connection (1): cx.mem.gov.cn:80
2021-01-28 14:57:18,520 [urllib3.connectionpool] [connectionpool#_make_request:461] [DEBUG]- http://cx.mem.gov.cn:80 "GET //cms/html/certQuery/certQuery.do?method=getServerTime HTTP/1.1" 200 None
2021-01-28 14:57:18,527 [urllib3.connectionpool] [connectionpool#_new_conn:231] [DEBUG]- Starting new HTTP connection (1): cx.mem.gov.cn:80
2021-01-28 14:57:18,669 [urllib3.connectionpool] [connectionpool#_make_request:461] [DEBUG]- http://cx.mem.gov.cn:80 "GET /cms/html/certQuery/certQuery.do?method=getCertQueryResult&ref=ch&certtype_code=720&certnum=110221198401275019&stu_name=%25E6%259D%258E%25E9%259B%25AA%25E5%258E%259F&passcode=1776%0A&sessionId=FBE68D6DD89B05E5AA4D9DCE71167FFC HTTP/1.1" 200 None
2021-01-28 14:57:43,777 [urllib3.connectionpool] [connectionpool#_new_conn:231] [DEBUG]- Starting new HTTP connection (1): cx.mem.gov.cn:80
2021-01-28 14:57:43,817 [urllib3.connectionpool] [connectionpool#_make_request:461] [DEBUG]- http://cx.mem.gov.cn:80 "GET //cms/html/certQuery/certQuery.do?method=getServerTime HTTP/1.1" 200 None
2021-01-28 14:57:43,830 [urllib3.connectionpool] [connectionpool#_new_conn:231] [DEBUG]- Starting new HTTP connection (1): cx.mem.gov.cn:80
2021-01-28 14:57:43,963 [urllib3.connectionpool] [connectionpool#_make_request:461] [DEBUG]- http://cx.mem.gov.cn:80 "GET /cms/html/certQuery/certQuery.do?method=getCertQueryResult&ref=ch&certtype_code=720&certnum=232700198803190012&stu_name=%25E5%25B0%25A4%25E5%25A5%2595%25E9%259B%25AF&passcode=6912%0A&sessionId=FBE68D6DD89B05E5A9F805515A0D1CDA HTTP/1.1" 200 None
2021-01-28 14:57:47,233 [urllib3.connectionpool] [connectionpool#_new_conn:231] [DEBUG]- Starting new HTTP connection (1): cx.mem.gov.cn:80
2021-01-28 14:57:47,309 [urllib3.connectionpool] [connectionpool#_make_request:461] [DEBUG]- http://cx.mem.gov.cn:80 "GET //cms/html/certQuery/certQuery.do?method=getServerTime HTTP/1.1" 200 None
2021-01-28 14:57:47,315 [urllib3.connectionpool] [connectionpool#_new_conn:231] [DEBUG]- Starting new HTTP connection (1): cx.mem.gov.cn:80
2021-01-28 14:57:47,480 [urllib3.connectionpool] [connectionpool#_make_request:461] [DEBUG]- http://cx.mem.gov.cn:80 "GET /cms/html/certQuery/certQuery.do?method=getCertQueryResult&ref=ch&certtype_code=720&certnum=110221198401275019&stu_name=%25E6%259D%258E%25E9%259B%25AA%25E5%258E%259F&passcode=4487%0A&sessionId=FBE68D6DD89B05E5B6A9320C93A7E521 HTTP/1.1" 200 None
2021-01-28 14:58:38,900 [urllib3.connectionpool] [connectionpool#_new_conn:231] [DEBUG]- Starting new HTTP connection (1): cx.mem.gov.cn:80
2021-01-28 14:58:38,946 [urllib3.connectionpool] [connectionpool#_make_request:461] [DEBUG]- http://cx.mem.gov.cn:80 "GET //cms/html/certQuery/certQuery.do?method=getServerTime HTTP/1.1" 200 None
2021-01-28 14:58:38,954 [urllib3.connectionpool] [connectionpool#_new_conn:231] [DEBUG]- Starting new HTTP connection (1): cx.mem.gov.cn:80
2021-01-28 14:58:39,089 [urllib3.connectionpool] [connectionpool#_make_request:461] [DEBUG]- http://cx.mem.gov.cn:80 "GET /cms/html/certQuery/certQuery.do?method=getCertQueryResult&ref=ch&certtype_code=720&certnum=232700198803190012&stu_name=%25E5%25B0%25A4%25E5%25A5%2595%25E9%259B%25AF&passcode=5426%0A&sessionId=BA1BAC009C0D2658E550E585BB2EEF98 HTTP/1.1" 200 None
2021-01-28 15:02:33,467 [urllib3.connectionpool] [connectionpool#_new_conn:231] [DEBUG]- Starting new HTTP connection (1): cx.mem.gov.cn:80
2021-01-28 15:02:33,510 [urllib3.connectionpool] [connectionpool#_make_request:461] [DEBUG]- http://cx.mem.gov.cn:80 "GET //cms/html/certQuery/certQuery.do?method=getServerTime HTTP/1.1" 200 None
2021-01-28 15:02:33,517 [urllib3.connectionpool] [connectionpool#_new_conn:231] [DEBUG]- Starting new HTTP connection (1): cx.mem.gov.cn:80
2021-01-28 15:02:33,634 [urllib3.connectionpool] [connectionpool#_make_request:461] [DEBUG]- http://cx.mem.gov.cn:80 "GET /cms/html/certQuery/certQuery.do?method=getCertQueryResult&ref=ch&certtype_code=720&certnum=232700198803190012&stu_name=%25E5%25B0%25A4%25E5%25A5%2595%25E9%259B%25AF&passcode=4239.%0A&sessionId=3CA2063A165805176D5DB5B3168183CB HTTP/1.1" 200 None
2021-01-28 15:06:25,854 [urllib3.connectionpool] [connectionpool#_new_conn:231] [DEBUG]- Starting new HTTP connection (1): cx.mem.gov.cn:80
2021-01-28 15:06:25,900 [urllib3.connectionpool] [connectionpool#_make_request:461] [DEBUG]- http://cx.mem.gov.cn:80 "GET //cms/html/certQuery/certQuery.do?method=getServerTime HTTP/1.1" 200 None
2021-01-28 15:06:25,906 [urllib3.connectionpool] [connectionpool#_new_conn:231] [DEBUG]- Starting new HTTP connection (1): cx.mem.gov.cn:80
2021-01-28 15:06:26,049 [urllib3.connectionpool] [connectionpool#_make_request:461] [DEBUG]- http://cx.mem.gov.cn:80 "GET /cms/html/certQuery/certQuery.do?method=getCertQueryResult&ref=ch&certtype_code=720&certnum=232700198803190012&stu_name=%25E5%25B0%25A4%25E5%25A5%2595%25E9%259B%25AF&passcode=5986%0A&sessionId=1CDB85B0C8C6D11CDB338F3BE6860DEF HTTP/1.1" 200 None
2021-01-28 15:29:16,861 [urllib3.connectionpool] [connectionpool#_new_conn:231] [DEBUG]- Starting new HTTP connection (1): cx.mem.gov.cn:80
2021-01-28 15:29:16,933 [urllib3.connectionpool] [connectionpool#_make_request:461] [DEBUG]- http://cx.mem.gov.cn:80 "GET //cms/html/certQuery/certQuery.do?method=getServerTime HTTP/1.1" 200 None
2021-01-28 15:29:16,963 [urllib3.connectionpool] [connectionpool#_new_conn:231] [DEBUG]- Starting new HTTP connection (1): cx.mem.gov.cn:80
2021-01-28 15:29:17,125 [urllib3.connectionpool] [connectionpool#_make_request:461] [DEBUG]- http://cx.mem.gov.cn:80 "GET /cms/html/certQuery/certQuery.do?method=getCertQueryResult&ref=ch&certtype_code=720&certnum=232700198803190012&stu_name=%25E5%25B0%25A4%25E5%25A5%2595%25E9%259B%25AF&passcode=1613%0A&sessionId=E038881AAFBCD598B24140220FF500A1 HTTP/1.1" 200 None
2021-01-28 15:29:23,443 [urllib3.connectionpool] [connectionpool#_new_conn:231] [DEBUG]- Starting new HTTP connection (1): cx.mem.gov.cn:80
2021-01-28 15:29:24,490 [urllib3.connectionpool] [connectionpool#_make_request:461] [DEBUG]- http://cx.mem.gov.cn:80 "GET //cms/html/certQuery/certQuery.do?method=getServerTime HTTP/1.1" 200 None
2021-01-28 15:29:24,511 [urllib3.connectionpool] [connectionpool#_new_conn:231] [DEBUG]- Starting new HTTP connection (1): cx.mem.gov.cn:80
2021-01-28 15:29:24,667 [urllib3.connectionpool] [connectionpool#_make_request:461] [DEBUG]- http://cx.mem.gov.cn:80 "GET /cms/html/certQuery/certQuery.do?method=getCertQueryResult&ref=ch&certtype_code=720&certnum=110221198401275019&stu_name=%25E6%259D%258E%25E9%259B%25AA%25E5%258E%259F&passcode=3689%0A&sessionId=E038881AAFBCD598BBE50F57C748B833 HTTP/1.1" 200 None
2021-01-28 15:30:57,800 [urllib3.connectionpool] [connectionpool#_new_conn:231] [DEBUG]- Starting new HTTP connection (1): cx.mem.gov.cn:80
2021-01-28 15:30:57,847 [urllib3.connectionpool] [connectionpool#_make_request:461] [DEBUG]- http://cx.mem.gov.cn:80 "GET //cms/html/certQuery/certQuery.do?method=getServerTime HTTP/1.1" 200 None
2021-01-28 15:30:57,853 [urllib3.connectionpool] [connectionpool#_new_conn:231] [DEBUG]- Starting new HTTP connection (1): cx.mem.gov.cn:80
2021-01-28 15:30:57,989 [urllib3.connectionpool] [connectionpool#_make_request:461] [DEBUG]- http://cx.mem.gov.cn:80 "GET /cms/html/certQuery/certQuery.do?method=getCertQueryResult&ref=ch&certtype_code=720&certnum=232700198803190012&stu_name=%25E5%25B0%25A4%25E5%25A5%2595%25E9%259B%25AF&passcode=8475%0A&sessionId=CFD619A8FE292DCA0E8CE654CAEFBCEF HTTP/1.1" 200 None
2021-01-28 15:31:01,271 [urllib3.connectionpool] [connectionpool#_new_conn:231] [DEBUG]- Starting new HTTP connection (1): cx.mem.gov.cn:80
2021-01-28 15:31:01,307 [urllib3.connectionpool] [connectionpool#_make_request:461] [DEBUG]- http://cx.mem.gov.cn:80 "GET //cms/html/certQuery/certQuery.do?method=getServerTime HTTP/1.1" 200 None
2021-01-28 15:31:01,317 [urllib3.connectionpool] [connectionpool#_new_conn:231] [DEBUG]- Starting new HTTP connection (1): cx.mem.gov.cn:80
2021-01-28 15:31:01,463 [urllib3.connectionpool] [connectionpool#_make_request:461] [DEBUG]- http://cx.mem.gov.cn:80 "GET /cms/html/certQuery/certQuery.do?method=getCertQueryResult&ref=ch&certtype_code=720&certnum=110221198401275019&stu_name=%25E6%259D%258E%25E9%259B%25AA%25E5%258E%259F&passcode=3697%0A&sessionId=CFD619A8FE292DCA98A56FD82D850BA0 HTTP/1.1" 200 None
2021-01-28 15:31:15,984 [urllib3.connectionpool] [connectionpool#_new_conn:231] [DEBUG]- Starting new HTTP connection (1): cx.mem.gov.cn:80
2021-01-28 15:31:16,021 [urllib3.connectionpool] [connectionpool#_make_request:461] [DEBUG]- http://cx.mem.gov.cn:80 "GET //cms/html/certQuery/certQuery.do?method=getServerTime HTTP/1.1" 200 None
2021-01-28 15:31:16,029 [urllib3.connectionpool] [connectionpool#_new_conn:231] [DEBUG]- Starting new HTTP connection (1): cx.mem.gov.cn:80
2021-01-28 15:31:16,158 [urllib3.connectionpool] [connectionpool#_make_request:461] [DEBUG]- http://cx.mem.gov.cn:80 "GET /cms/html/certQuery/certQuery.do?method=getCertQueryResult&ref=ch&certtype_code=720&certnum=232700198803190012&stu_name=%25E5%25B0%25A4%25E5%25A5%2595%25E9%259B%25AF&passcode=8672%0A&sessionId=CFD619A8FE292DCA816AABE872F117E9 HTTP/1.1" 200 None
2021-01-28 15:31:19,442 [urllib3.connectionpool] [connectionpool#_new_conn:231] [DEBUG]- Starting new HTTP connection (1): cx.mem.gov.cn:80
2021-01-28 15:31:19,477 [urllib3.connectionpool] [connectionpool#_make_request:461] [DEBUG]- http://cx.mem.gov.cn:80 "GET //cms/html/certQuery/certQuery.do?method=getServerTime HTTP/1.1" 200 None
2021-01-28 15:31:19,483 [urllib3.connectionpool] [connectionpool#_new_conn:231] [DEBUG]- Starting new HTTP connection (1): cx.mem.gov.cn:80
2021-01-28 15:31:19,605 [urllib3.connectionpool] [connectionpool#_make_request:461] [DEBUG]- http://cx.mem.gov.cn:80 "GET /cms/html/certQuery/certQuery.do?method=getCertQueryResult&ref=ch&certtype_code=720&certnum=110221198401275019&stu_name=%25E6%259D%258E%25E9%259B%25AA%25E5%258E%259F&passcode=4321%0A&sessionId=CFD619A8FE292DCAFC20D27A215BC5CB HTTP/1.1" 200 None
2021-01-28 15:31:50,947 [urllib3.connectionpool] [connectionpool#_new_conn:231] [DEBUG]- Starting new HTTP connection (1): cx.mem.gov.cn:80
2021-01-28 15:31:50,983 [urllib3.connectionpool] [connectionpool#_make_request:461] [DEBUG]- http://cx.mem.gov.cn:80 "GET //cms/html/certQuery/certQuery.do?method=getServerTime HTTP/1.1" 200 None
2021-01-28 15:31:50,989 [urllib3.connectionpool] [connectionpool#_new_conn:231] [DEBUG]- Starting new HTTP connection (1): cx.mem.gov.cn:80
2021-01-28 15:31:51,136 [urllib3.connectionpool] [connectionpool#_make_request:461] [DEBUG]- http://cx.mem.gov.cn:80 "GET /cms/html/certQuery/certQuery.do?method=getCertQueryResult&ref=ch&certtype_code=720&certnum=232700198803190012&stu_name=%25E5%25B0%25A4%25E5%25A5%2595%25E9%259B%25AF&passcode=5371%0A&sessionId=1AC25C80720D588FFBB5AC863C4507DB HTTP/1.1" 200 None
2021-01-28 15:31:54,408 [urllib3.connectionpool] [connectionpool#_new_conn:231] [DEBUG]- Starting new HTTP connection (1): cx.mem.gov.cn:80
2021-01-28 15:31:54,450 [urllib3.connectionpool] [connectionpool#_make_request:461] [DEBUG]- http://cx.mem.gov.cn:80 "GET //cms/html/certQuery/certQuery.do?method=getServerTime HTTP/1.1" 200 None
2021-01-28 15:31:54,457 [urllib3.connectionpool] [connectionpool#_new_conn:231] [DEBUG]- Starting new HTTP connection (1): cx.mem.gov.cn:80
2021-01-28 15:31:54,575 [urllib3.connectionpool] [connectionpool#_make_request:461] [DEBUG]- http://cx.mem.gov.cn:80 "GET /cms/html/certQuery/certQuery.do?method=getCertQueryResult&ref=ch&certtype_code=720&certnum=110221198401275019&stu_name=%25E6%259D%258E%25E9%259B%25AA%25E5%258E%259F&passcode=5724%0A&sessionId=1AC25C80720D588FDAB1E13BD5975648 HTTP/1.1" 200 None
2021-01-28 15:49:19,899 [urllib3.connectionpool] [connectionpool#_new_conn:231] [DEBUG]- Starting new HTTP connection (1): cx.mem.gov.cn:80
2021-01-28 15:49:19,939 [urllib3.connectionpool] [connectionpool#_make_request:461] [DEBUG]- http://cx.mem.gov.cn:80 "GET //cms/html/certQuery/certQuery.do?method=getServerTime HTTP/1.1" 200 None
2021-01-28 15:49:19,956 [urllib3.connectionpool] [connectionpool#_new_conn:231] [DEBUG]- Starting new HTTP connection (1): cx.mem.gov.cn:80
2021-01-28 15:49:20,099 [urllib3.connectionpool] [connectionpool#_make_request:461] [DEBUG]- http://cx.mem.gov.cn:80 "GET /cms/html/certQuery/certQuery.do?method=getCertQueryResult&ref=ch&certtype_code=720&certnum=232700198803190012&stu_name=%25E5%25B0%25A4%25E5%25A5%2595%25E9%259B%25AF&passcode=6681%0A&sessionId=FB5A53C9DCEC973450A631536C246B3F HTTP/1.1" 200 None
2021-01-28 15:49:23,379 [urllib3.connectionpool] [connectionpool#_new_conn:231] [DEBUG]- Starting new HTTP connection (1): cx.mem.gov.cn:80
2021-01-28 15:49:23,419 [urllib3.connectionpool] [connectionpool#_make_request:461] [DEBUG]- http://cx.mem.gov.cn:80 "GET //cms/html/certQuery/certQuery.do?method=getServerTime HTTP/1.1" 200 None
2021-01-28 15:49:23,427 [urllib3.connectionpool] [connectionpool#_new_conn:231] [DEBUG]- Starting new HTTP connection (1): cx.mem.gov.cn:80
2021-01-28 15:49:23,564 [urllib3.connectionpool] [connectionpool#_make_request:461] [DEBUG]- http://cx.mem.gov.cn:80 "GET /cms/html/certQuery/certQuery.do?method=getCertQueryResult&ref=ch&certtype_code=720&certnum=110221198401275019&stu_name=%25E6%259D%258E%25E9%259B%25AA%25E5%258E%259F&passcode=7786%0A&sessionId=FB5A53C9DCEC97347D92313A01CAB96E HTTP/1.1" 200 None
2021-01-28 15:50:14,372 [urllib3.connectionpool] [connectionpool#_new_conn:231] [DEBUG]- Starting new HTTP connection (1): cx.mem.gov.cn:80
2021-01-28 15:50:14,407 [urllib3.connectionpool] [connectionpool#_make_request:461] [DEBUG]- http://cx.mem.gov.cn:80 "GET //cms/html/certQuery/certQuery.do?method=getServerTime HTTP/1.1" 200 None
2021-01-28 15:50:14,413 [urllib3.connectionpool] [connectionpool#_new_conn:231] [DEBUG]- Starting new HTTP connection (1): cx.mem.gov.cn:80
2021-01-28 15:50:14,562 [urllib3.connectionpool] [connectionpool#_make_request:461] [DEBUG]- http://cx.mem.gov.cn:80 "GET /cms/html/certQuery/certQuery.do?method=getCertQueryResult&ref=ch&certtype_code=720&certnum=232700198803190012&stu_name=%25E5%25B0%25A4%25E5%25A5%2595%25E9%259B%25AF&passcode=8283%0A&sessionId=427496B0DF30AE0BEEB9CA684AC56E6C HTTP/1.1" 200 None
2021-01-28 15:50:17,842 [urllib3.connectionpool] [connectionpool#_new_conn:231] [DEBUG]- Starting new HTTP connection (1): cx.mem.gov.cn:80
2021-01-28 15:50:17,883 [urllib3.connectionpool] [connectionpool#_make_request:461] [DEBUG]- http://cx.mem.gov.cn:80 "GET //cms/html/certQuery/certQuery.do?method=getServerTime HTTP/1.1" 200 None
2021-01-28 15:50:17,892 [urllib3.connectionpool] [connectionpool#_new_conn:231] [DEBUG]- Starting new HTTP connection (1): cx.mem.gov.cn:80
2021-01-28 15:50:18,015 [urllib3.connectionpool] [connectionpool#_make_request:461] [DEBUG]- http://cx.mem.gov.cn:80 "GET /cms/html/certQuery/certQuery.do?method=getCertQueryResult&ref=ch&certtype_code=720&certnum=110221198401275019&stu_name=%25E6%259D%258E%25E9%259B%25AA%25E5%258E%259F&passcode=2462%0A&sessionId=427496B0DF30AE0BFAECC661BD61ABA9 HTTP/1.1" 200 None
