2021-01-28 09:23:19,664 [get_sessionid] [get_sessionId#parse_page:17] [INFO]- sessionId=======    C024CF99CF1EE5E8B61EA04C5656FA5D
2021-01-28 09:23:28,966 [get_sessionid] [get_sessionId#parse_page:17] [INFO]- sessionId=======    F1FA9DAF2A43004137C38134B1F63762
2021-01-28 09:24:20,784 [get_sessionid] [get_sessionId#parse_page:17] [INFO]- sessionId=======    F1FA9DAF2A4300410B52ED5FEBCCCE04
2021-01-28 09:24:24,275 [get_sessionid] [get_sessionId#parse_page:17] [INFO]- sessionId=======    F1FA9DAF2A430041F4C3B950DBDAA16D
2021-01-28 09:25:26,968 [get_sessionid] [get_sessionId#parse_page:17] [INFO]- sessionId=======    9D048C3A93B6298F287863243861297B
2021-01-28 09:25:30,600 [get_sessionid] [get_sessionId#parse_page:17] [INFO]- sessionId=======    9D048C3A93B6298F9B1D340544276E50
2021-01-28 09:25:59,970 [get_sessionid] [get_sessionId#parse_page:17] [INFO]- sessionId=======    9D048C3A93B6298FA4D046FBE5B97DD8
2021-01-28 09:26:03,409 [get_sessionid] [get_sessionId#parse_page:17] [INFO]- sessionId=======    9D048C3A93B6298F96AFF973065B03A6
2021-01-28 09:31:14,426 [get_sessionid] [get_sessionId#parse_page:17] [INFO]- sessionId=======    D7340CB1931956BC4D1B48A2D15B1247
2021-01-28 09:31:17,870 [get_sessionid] [get_sessionId#parse_page:17] [INFO]- sessionId=======    D7340CB1931956BC6ABC7BF6C0CE0D97
2021-01-28 09:31:33,605 [get_sessionid] [get_sessionId#parse_page:17] [INFO]- sessionId=======    D7340CB1931956BCA0718EF71782268A
2021-01-28 09:31:37,069 [get_sessionid] [get_sessionId#parse_page:17] [INFO]- sessionId=======    D7340CB1931956BC4B122B10FBEA5E8E
2021-01-28 09:47:22,466 [get_sessionid] [get_sessionId#parse_page:17] [INFO]- sessionId=======    B1CB276DC27E210659CBFBA39525FBF1
2021-01-28 09:47:26,139 [get_sessionid] [get_sessionId#parse_page:17] [INFO]- sessionId=======    B1CB276DC27E2106A034D4439D23AE85
2021-01-28 09:47:42,808 [get_sessionid] [get_sessionId#parse_page:17] [INFO]- sessionId=======    B1CB276DC27E2106E8FFA64337DE825C
2021-01-28 09:47:47,011 [get_sessionid] [get_sessionId#parse_page:17] [INFO]- sessionId=======    B1CB276DC27E2106F9D5015F863EC1C8
2021-01-28 09:48:24,411 [get_sessionid] [get_sessionId#parse_page:17] [INFO]- sessionId=======    1A47A13AEE3564908F77EAB770484499
2021-01-28 09:48:31,204 [get_sessionid] [get_sessionId#parse_page:17] [INFO]- sessionId=======    1A47A13AEE356490D0FC08279AD56E32
2021-01-28 09:58:20,413 [get_sessionid] [get_sessionId#parse_page:17] [INFO]- sessionId=======    38FA087AA29D7C0D3DD4ADDBAD54D80A
2021-01-28 09:58:24,254 [get_sessionid] [get_sessionId#parse_page:17] [INFO]- sessionId=======    7EAD6696D716C787ABD15AC7D85B16A8
2021-01-28 10:01:13,849 [get_sessionid] [get_sessionId#parse_page:17] [INFO]- sessionId=======    336E0DF2A77F0D88EBB2AA899ADE6152
2021-01-28 10:01:17,850 [get_sessionid] [get_sessionId#parse_page:17] [INFO]- sessionId=======    336E0DF2A77F0D889A3B632F46C92A13
2021-01-28 10:03:15,818 [get_sessionid] [get_sessionId#parse_page:17] [INFO]- sessionId=======    C154D460B93364D32EDD028C1EAEC5E3
2021-01-28 10:03:19,852 [get_sessionid] [get_sessionId#parse_page:17] [INFO]- sessionId=======    C154D460B93364D320C37436629BB4BB
2021-01-28 10:03:27,806 [get_sessionid] [get_sessionId#parse_page:17] [INFO]- sessionId=======    C7D9B03BC432B5AFFD45341C07EA3801
2021-01-28 10:03:31,970 [get_sessionid] [get_sessionId#parse_page:17] [INFO]- sessionId=======    C7D9B03BC432B5AFD4FDEFCAB3111417
2021-01-28 10:05:53,494 [get_sessionid] [get_sessionId#parse_page:17] [INFO]- sessionId=======    2025DF2300EB22B7E732E6F3755BD955
2021-01-28 10:05:57,688 [get_sessionid] [get_sessionId#parse_page:17] [INFO]- sessionId=======    2025DF2300EB22B71CC57240DFF51B80
2021-01-28 10:12:33,881 [get_sessionid] [get_sessionId#parse_page:17] [INFO]- sessionId=======    97D4BA346D5E7E6AEF13EB47EABEF3B4
2021-01-28 10:12:38,493 [get_sessionid] [get_sessionId#parse_page:17] [INFO]- sessionId=======    97D4BA346D5E7E6AD08E6C6C946A2E6E
2021-01-28 10:23:21,181 [get_sessionid] [get_sessionId#parse_page:17] [INFO]- sessionId=======    4D66A20951E29193510D877AB458E533
2021-01-28 10:23:25,456 [get_sessionid] [get_sessionId#parse_page:17] [INFO]- sessionId=======    4D66A20951E29193D09454286BB607D8
2021-01-28 10:26:55,793 [get_sessionid] [get_sessionId#parse_page:17] [INFO]- sessionId=======    0A2F4FD46DE43D38E2976CB2CA53EB73
2021-01-28 10:27:00,472 [get_sessionid] [get_sessionId#parse_page:17] [INFO]- sessionId=======    0A2F4FD46DE43D3806E0715065E42D15
2021-01-28 10:28:03,793 [get_sessionid] [get_sessionId#parse_page:17] [INFO]- sessionId=======    0A2F4FD46DE43D38B37ABFAD04316167
2021-01-28 10:28:07,569 [get_sessionid] [get_sessionId#parse_page:17] [INFO]- sessionId=======    0A2F4FD46DE43D38365B1A9C41AD308F
2021-01-28 10:28:33,309 [get_sessionid] [get_sessionId#parse_page:17] [INFO]- sessionId=======    DE293D0E381B92603BD54A9D24AA4F1B
2021-01-28 10:29:23,408 [get_sessionid] [get_sessionId#parse_page:17] [INFO]- sessionId=======    DE293D0E381B9260D0844068FACC07CC
2021-01-28 10:30:02,699 [get_sessionid] [get_sessionId#parse_page:17] [INFO]- sessionId=======    5508B51DAA5C3CF6AEF6D29E366F68B6
2021-01-28 10:30:09,954 [get_sessionid] [get_sessionId#parse_page:17] [INFO]- sessionId=======    5508B51DAA5C3CF670EB4068847A8E71
2021-01-28 14:39:54,469 [get_sessionid] [get_sessionId#parse_page:32] [INFO]- sessionId=======    8B559BADD0D32C32C800864F4C21D04C
2021-01-28 14:51:48,697 [get_sessionid] [get_sessionId#parse_page:32] [INFO]- sessionId=======    31FE627DB1B7D7E241B2506906EFC772
2021-01-28 14:51:52,143 [get_sessionid] [get_sessionId#parse_page:32] [INFO]- sessionId=======    31FE627DB1B7D7E2E28C18492F13A1F2
2021-01-28 14:54:29,368 [get_sessionid] [get_sessionId#parse_page:32] [INFO]- sessionId=======    AE41D4132B3AE4EFB3E291A31E7DC738
2021-01-28 14:55:16,382 [get_sessionid] [get_sessionId#parse_page:32] [INFO]- sessionId=======    F4D1C732F271E314F9139DA1DF844770
2021-01-28 14:57:15,123 [get_sessionid] [get_sessionId#parse_page:32] [INFO]- sessionId=======    FBE68D6DD89B05E553680375F1CA68CA
2021-01-28 14:57:18,523 [get_sessionid] [get_sessionId#parse_page:32] [INFO]- sessionId=======    FBE68D6DD89B05E5AA4D9DCE71167FFC
2021-01-28 14:57:43,821 [get_sessionid] [get_sessionId#parse_page:32] [INFO]- sessionId=======    FBE68D6DD89B05E5A9F805515A0D1CDA
2021-01-28 14:57:47,311 [get_sessionid] [get_sessionId#parse_page:32] [INFO]- sessionId=======    FBE68D6DD89B05E5B6A9320C93A7E521
2021-01-28 14:58:38,949 [get_sessionid] [get_sessionId#parse_page:32] [INFO]- sessionId=======    BA1BAC009C0D2658E550E585BB2EEF98
2021-01-28 15:02:33,512 [get_sessionid] [get_sessionId#parse_page:32] [INFO]- sessionId=======    3CA2063A165805176D5DB5B3168183CB
2021-01-28 15:06:25,901 [get_sessionid] [get_sessionId#parse_page:32] [INFO]- sessionId=======    1CDB85B0C8C6D11CDB338F3BE6860DEF
2021-01-28 15:29:16,940 [get_sessionid] [get_sessionId#parse_page:32] [INFO]- sessionId=======    E038881AAFBCD598B24140220FF500A1
2021-01-28 15:29:24,498 [get_sessionid] [get_sessionId#parse_page:32] [INFO]- sessionId=======    E038881AAFBCD598BBE50F57C748B833
2021-01-28 15:30:57,848 [get_sessionid] [get_sessionId#parse_page:32] [INFO]- sessionId=======    CFD619A8FE292DCA0E8CE654CAEFBCEF
2021-01-28 15:31:01,309 [get_sessionid] [get_sessionId#parse_page:32] [INFO]- sessionId=======    CFD619A8FE292DCA98A56FD82D850BA0
2021-01-28 15:31:16,024 [get_sessionid] [get_sessionId#parse_page:32] [INFO]- sessionId=======    CFD619A8FE292DCA816AABE872F117E9
2021-01-28 15:31:19,480 [get_sessionid] [get_sessionId#parse_page:32] [INFO]- sessionId=======    CFD619A8FE292DCAFC20D27A215BC5CB
2021-01-28 15:31:50,986 [get_sessionid] [get_sessionId#parse_page:32] [INFO]- sessionId=======    1AC25C80720D588FFBB5AC863C4507DB
2021-01-28 15:31:54,454 [get_sessionid] [get_sessionId#parse_page:32] [INFO]- sessionId=======    1AC25C80720D588FDAB1E13BD5975648
2021-01-28 15:49:19,943 [get_sessionid] [get_sessionId#parse_page:32] [INFO]- sessionId=======    FB5A53C9DCEC973450A631536C246B3F
2021-01-28 15:49:23,421 [get_sessionid] [get_sessionId#parse_page:32] [INFO]- sessionId=======    FB5A53C9DCEC97347D92313A01CAB96E
2021-01-28 15:50:14,408 [get_sessionid] [get_sessionId#parse_page:32] [INFO]- sessionId=======    427496B0DF30AE0BEEB9CA684AC56E6C
2021-01-28 15:50:17,886 [get_sessionid] [get_sessionId#parse_page:32] [INFO]- sessionId=======    427496B0DF30AE0BFAECC661BD61ABA9
